<?xml version="1.0" encoding="UTF-8"?>
<coverage generated="1670977968344" clover="3.2.0">
  <project timestamp="1670977968344" name="All files">
    <metrics statements="14" coveredstatements="14" conditionals="3" coveredconditionals="1" methods="4" coveredmethods="4" elements="21" coveredelements="19" complexity="0" loc="14" ncloc="14" packages="2" files="2" classes="2"/>
    <package name="driverHandler">
      <metrics statements="6" coveredstatements="6" conditionals="0" coveredconditionals="0" methods="2" coveredmethods="2"/>
      <file name="driverHandler.js" path="/Users/raphaelcesar/CodeF/401/CAPS/src/driverHandler/driverHandler.js">
        <metrics statements="6" coveredstatements="6" conditionals="0" coveredconditionals="0" methods="2" coveredmethods="2"/>
        <line num="3" count="1" type="stmt"/>
        <line num="7" count="1" type="stmt"/>
        <line num="8" count="1" type="stmt"/>
        <line num="13" count="1" type="stmt"/>
        <line num="14" count="1" type="stmt"/>
        <line num="17" count="1" type="stmt"/>
      </file>
    </package>
    <package name="vendorHandler">
      <metrics statements="8" coveredstatements="8" conditionals="3" coveredconditionals="1" methods="2" coveredmethods="2"/>
      <file name="vendorHandler.js" path="/Users/raphaelcesar/CodeF/401/CAPS/src/vendorHandler/vendorHandler.js">
        <metrics statements="8" coveredstatements="8" conditionals="3" coveredconditionals="1" methods="2" coveredmethods="2"/>
        <line num="3" count="1" type="stmt"/>
        <line num="4" count="1" type="stmt"/>
        <line num="5" count="1" type="stmt"/>
        <line num="9" count="1" type="cond" truecount="1" falsecount="1"/>
        <line num="15" count="1" type="stmt"/>
        <line num="16" count="1" type="stmt"/>
        <line num="21" count="1" type="stmt"/>
        <line num="30" count="1" type="stmt"/>
      </file>
    </package>
  </project>
</coverage>
