<?xml version="1.0" encoding="UTF-8"?>
<coverage generated="1671064404889" clover="3.2.0">
  <project timestamp="1671064404889" name="All files">
    <metrics statements="17" coveredstatements="8" conditionals="3" coveredconditionals="0" methods="9" coveredmethods="4" elements="29" coveredelements="12" complexity="0" loc="17" ncloc="17" packages="2" files="2" classes="2"/>
    <package name="Driver">
      <metrics statements="9" coveredstatements="3" conditionals="0" coveredconditionals="0" methods="6" coveredmethods="2"/>
      <file name="driverHandler.js" path="/Users/raphaelcesar/CodeF/401/CAPS/src/Driver/driverHandler.js">
        <metrics statements="9" coveredstatements="3" conditionals="0" coveredconditionals="0" methods="6" coveredmethods="2"/>
        <line num="6" count="1" type="stmt"/>
        <line num="7" count="0" type="stmt"/>
        <line num="8" count="0" type="stmt"/>
        <line num="9" count="0" type="stmt"/>
        <line num="13" count="1" type="stmt"/>
        <line num="14" count="0" type="stmt"/>
        <line num="16" count="0" type="stmt"/>
        <line num="17" count="0" type="stmt"/>
        <line num="22" count="1" type="stmt"/>
      </file>
    </package>
    <package name="Vendor">
      <metrics statements="8" coveredstatements="5" conditionals="3" coveredconditionals="0" methods="3" coveredmethods="2"/>
      <file name="vendorHandler.js" path="/Users/raphaelcesar/CodeF/401/CAPS/src/Vendor/vendorHandler.js">
        <metrics statements="8" coveredstatements="5" conditionals="3" coveredconditionals="0" methods="3" coveredmethods="2"/>
        <line num="3" count="1" type="stmt"/>
        <line num="4" count="1" type="stmt"/>
        <line num="6" count="1" type="cond" truecount="0" falsecount="1"/>
        <line num="7" count="0" type="cond" truecount="0" falsecount="2"/>
        <line num="13" count="0" type="stmt"/>
        <line num="14" count="0" type="stmt"/>
        <line num="19" count="1" type="stmt"/>
        <line num="23" count="1" type="stmt"/>
      </file>
    </package>
  </project>
</coverage>
