{"/Users/raphaelcesar/CodeF/401/CAPS/src/1-206-flowers/handlers.js": {"path":"/Users/raphaelcesar/CodeF/401/CAPS/src/1-206-flowers/handlers.js","statementMap":{"0":{"start":{"line":3,"column":15},"end":{"line":3,"column":32}},"1":{"start":{"line":4,"column":15},"end":{"line":4,"column":27}},"2":{"start":{"line":6,"column":20},"end":{"line":15,"column":1}},"3":{"start":{"line":6,"column":32},"end":{"line":15,"column":1}},"4":{"start":{"line":7,"column":2},"end":{"line":12,"column":4}},"5":{"start":{"line":13,"column":2},"end":{"line":13,"column":68}},"6":{"start":{"line":14,"column":2},"end":{"line":14,"column":39}},"7":{"start":{"line":19,"column":2},"end":{"line":19,"column":100}},"8":{"start":{"line":23,"column":0},"end":{"line":23,"column":49}}},"fnMap":{"0":{"name":"(anonymous_0)","decl":{"start":{"line":6,"column":20},"end":{"line":6,"column":21}},"loc":{"start":{"line":6,"column":32},"end":{"line":15,"column":1}},"line":6},"1":{"name":"(anonymous_1)","decl":{"start":{"line":6,"column":32},"end":{"line":6,"column":33}},"loc":{"start":{"line":6,"column":52},"end":{"line":15,"column":1}},"line":6},"2":{"name":"thankTheDriver","decl":{"start":{"line":17,"column":9},"end":{"line":17,"column":23}},"loc":{"start":{"line":17,"column":32},"end":{"line":20,"column":1}},"line":17}},"branchMap":{"0":{"loc":{"start":{"line":6,"column":33},"end":{"line":6,"column":47}},"type":"default-arg","locations":[{"start":{"line":6,"column":43},"end":{"line":6,"column":47}}],"line":6},"1":{"loc":{"start":{"line":7,"column":12},"end":{"line":12,"column":3}},"type":"cond-expr","locations":[{"start":{"line":7,"column":22},"end":{"line":7,"column":29}},{"start":{"line":7,"column":32},"end":{"line":12,"column":3}}],"line":7}},"s":{"0":1,"1":1,"2":1,"3":1,"4":1,"5":1,"6":1,"7":1,"8":1},"f":{"0":1,"1":1,"2":1},"b":{"0":[0],"1":[1,0]},"_coverageSchema":"1a1c01bbd47fc00a2c39e90264f33305004495a9","hash":"3ab513af5465863322079a5029f30ff94e0c5bad"}
,"/Users/raphaelcesar/CodeF/401/CAPS/src/Driver/driverHandler.js": {"path":"/Users/raphaelcesar/CodeF/401/CAPS/src/Driver/driverHandler.js","statementMap":{"0":{"start":{"line":4,"column":23},"end":{"line":9,"column":1}},"1":{"start":{"line":4,"column":34},"end":{"line":9,"column":1}},"2":{"start":{"line":6,"column":2},"end":{"line":6,"column":61}},"3":{"start":{"line":7,"column":2},"end":{"line":7,"column":37}},"4":{"start":{"line":11,"column":24},"end":{"line":17,"column":1}},"5":{"start":{"line":11,"column":36},"end":{"line":17,"column":1}},"6":{"start":{"line":14,"column":2},"end":{"line":14,"column":54}},"7":{"start":{"line":15,"column":2},"end":{"line":15,"column":36}},"8":{"start":{"line":20,"column":0},"end":{"line":20,"column":52}}},"fnMap":{"0":{"name":"(anonymous_0)","decl":{"start":{"line":4,"column":23},"end":{"line":4,"column":24}},"loc":{"start":{"line":4,"column":34},"end":{"line":9,"column":1}},"line":4},"1":{"name":"(anonymous_1)","decl":{"start":{"line":4,"column":34},"end":{"line":4,"column":35}},"loc":{"start":{"line":4,"column":47},"end":{"line":9,"column":1}},"line":4},"2":{"name":"(anonymous_2)","decl":{"start":{"line":11,"column":24},"end":{"line":11,"column":25}},"loc":{"start":{"line":11,"column":36},"end":{"line":17,"column":1}},"line":11},"3":{"name":"(anonymous_3)","decl":{"start":{"line":11,"column":36},"end":{"line":11,"column":37}},"loc":{"start":{"line":11,"column":49},"end":{"line":17,"column":1}},"line":11}},"branchMap":{},"s":{"0":1,"1":1,"2":1,"3":1,"4":1,"5":1,"6":1,"7":1,"8":1},"f":{"0":1,"1":1,"2":1,"3":1},"b":{},"_coverageSchema":"1a1c01bbd47fc00a2c39e90264f33305004495a9","hash":"5e21e34b3df6db44349e80efc01b486e121ec188"}
,"/Users/raphaelcesar/CodeF/401/CAPS/src/Vendor/vendorHandler.js": {"path":"/Users/raphaelcesar/CodeF/401/CAPS/src/Vendor/vendorHandler.js","statementMap":{"0":{"start":{"line":6,"column":15},"end":{"line":6,"column":32}},"1":{"start":{"line":7,"column":15},"end":{"line":7,"column":27}},"2":{"start":{"line":12,"column":20},"end":{"line":21,"column":1}},"3":{"start":{"line":12,"column":32},"end":{"line":21,"column":1}},"4":{"start":{"line":13,"column":2},"end":{"line":18,"column":4}},"5":{"start":{"line":19,"column":2},"end":{"line":19,"column":68}},"6":{"start":{"line":20,"column":2},"end":{"line":20,"column":33}},"7":{"start":{"line":25,"column":2},"end":{"line":25,"column":100}},"8":{"start":{"line":29,"column":0},"end":{"line":29,"column":49}}},"fnMap":{"0":{"name":"(anonymous_0)","decl":{"start":{"line":12,"column":20},"end":{"line":12,"column":21}},"loc":{"start":{"line":12,"column":32},"end":{"line":21,"column":1}},"line":12},"1":{"name":"(anonymous_1)","decl":{"start":{"line":12,"column":32},"end":{"line":12,"column":33}},"loc":{"start":{"line":12,"column":52},"end":{"line":21,"column":1}},"line":12},"2":{"name":"thankTheDriver","decl":{"start":{"line":23,"column":9},"end":{"line":23,"column":23}},"loc":{"start":{"line":23,"column":32},"end":{"line":26,"column":1}},"line":23}},"branchMap":{"0":{"loc":{"start":{"line":12,"column":33},"end":{"line":12,"column":47}},"type":"default-arg","locations":[{"start":{"line":12,"column":43},"end":{"line":12,"column":47}}],"line":12},"1":{"loc":{"start":{"line":13,"column":12},"end":{"line":18,"column":3}},"type":"cond-expr","locations":[{"start":{"line":13,"column":22},"end":{"line":13,"column":29}},{"start":{"line":13,"column":32},"end":{"line":18,"column":3}}],"line":13}},"s":{"0":1,"1":1,"2":1,"3":1,"4":1,"5":1,"6":1,"7":1,"8":1},"f":{"0":1,"1":1,"2":1},"b":{"0":[0],"1":[1,0]},"_coverageSchema":"1a1c01bbd47fc00a2c39e90264f33305004495a9","hash":"6bc4ae0ded947b3ce082a9ce84c8ba1f5d1cf45f"}
,"/Users/raphaelcesar/CodeF/401/CAPS/src/acme-widgets/handlers.js": {"path":"/Users/raphaelcesar/CodeF/401/CAPS/src/acme-widgets/handlers.js","statementMap":{"0":{"start":{"line":3,"column":15},"end":{"line":3,"column":32}},"1":{"start":{"line":4,"column":15},"end":{"line":4,"column":27}},"2":{"start":{"line":6,"column":20},"end":{"line":15,"column":1}},"3":{"start":{"line":6,"column":32},"end":{"line":15,"column":1}},"4":{"start":{"line":7,"column":2},"end":{"line":12,"column":4}},"5":{"start":{"line":13,"column":2},"end":{"line":13,"column":68}},"6":{"start":{"line":14,"column":2},"end":{"line":14,"column":39}},"7":{"start":{"line":19,"column":2},"end":{"line":19,"column":100}},"8":{"start":{"line":23,"column":0},"end":{"line":23,"column":49}}},"fnMap":{"0":{"name":"(anonymous_0)","decl":{"start":{"line":6,"column":20},"end":{"line":6,"column":21}},"loc":{"start":{"line":6,"column":32},"end":{"line":15,"column":1}},"line":6},"1":{"name":"(anonymous_1)","decl":{"start":{"line":6,"column":32},"end":{"line":6,"column":33}},"loc":{"start":{"line":6,"column":52},"end":{"line":15,"column":1}},"line":6},"2":{"name":"thankTheDriver","decl":{"start":{"line":17,"column":9},"end":{"line":17,"column":23}},"loc":{"start":{"line":17,"column":32},"end":{"line":20,"column":1}},"line":17}},"branchMap":{"0":{"loc":{"start":{"line":6,"column":33},"end":{"line":6,"column":47}},"type":"default-arg","locations":[{"start":{"line":6,"column":43},"end":{"line":6,"column":47}}],"line":6},"1":{"loc":{"start":{"line":7,"column":12},"end":{"line":12,"column":3}},"type":"cond-expr","locations":[{"start":{"line":7,"column":22},"end":{"line":7,"column":29}},{"start":{"line":7,"column":32},"end":{"line":12,"column":3}}],"line":7}},"s":{"0":1,"1":1,"2":1,"3":1,"4":1,"5":1,"6":1,"7":1,"8":1},"f":{"0":1,"1":1,"2":1},"b":{"0":[0],"1":[1,0]},"_coverageSchema":"1a1c01bbd47fc00a2c39e90264f33305004495a9","hash":"b208c46f58b41a2ff27d499f0814733e7105165d"}
}
