{"/Users/raphaelcesar/CodeF/401/CAPS/src/Driver/driverHandler.js": {"path":"/Users/raphaelcesar/CodeF/401/CAPS/src/Driver/driverHandler.js","statementMap":{"0":{"start":{"line":6,"column":23},"end":{"line":11,"column":1}},"1":{"start":{"line":6,"column":34},"end":{"line":11,"column":1}},"2":{"start":{"line":7,"column":2},"end":{"line":10,"column":11}},"3":{"start":{"line":8,"column":4},"end":{"line":8,"column":63}},"4":{"start":{"line":9,"column":4},"end":{"line":9,"column":39}},"5":{"start":{"line":13,"column":24},"end":{"line":19,"column":1}},"6":{"start":{"line":13,"column":36},"end":{"line":19,"column":1}},"7":{"start":{"line":14,"column":2},"end":{"line":18,"column":11}},"8":{"start":{"line":16,"column":4},"end":{"line":16,"column":56}},"9":{"start":{"line":17,"column":4},"end":{"line":17,"column":38}},"10":{"start":{"line":22,"column":0},"end":{"line":22,"column":52}}},"fnMap":{"0":{"name":"(anonymous_0)","decl":{"start":{"line":6,"column":23},"end":{"line":6,"column":24}},"loc":{"start":{"line":6,"column":34},"end":{"line":11,"column":1}},"line":6},"1":{"name":"(anonymous_1)","decl":{"start":{"line":6,"column":34},"end":{"line":6,"column":35}},"loc":{"start":{"line":6,"column":47},"end":{"line":11,"column":1}},"line":6},"2":{"name":"(anonymous_2)","decl":{"start":{"line":7,"column":13},"end":{"line":7,"column":14}},"loc":{"start":{"line":7,"column":19},"end":{"line":10,"column":3}},"line":7},"3":{"name":"(anonymous_3)","decl":{"start":{"line":13,"column":24},"end":{"line":13,"column":25}},"loc":{"start":{"line":13,"column":36},"end":{"line":19,"column":1}},"line":13},"4":{"name":"(anonymous_4)","decl":{"start":{"line":13,"column":36},"end":{"line":13,"column":37}},"loc":{"start":{"line":13,"column":49},"end":{"line":19,"column":1}},"line":13},"5":{"name":"(anonymous_5)","decl":{"start":{"line":14,"column":13},"end":{"line":14,"column":14}},"loc":{"start":{"line":14,"column":19},"end":{"line":18,"column":3}},"line":14}},"branchMap":{},"s":{"0":1,"1":1,"2":0,"3":0,"4":0,"5":1,"6":1,"7":0,"8":0,"9":0,"10":1},"f":{"0":1,"1":0,"2":0,"3":1,"4":0,"5":0},"b":{},"_coverageSchema":"1a1c01bbd47fc00a2c39e90264f33305004495a9","hash":"467a6e49ed459e54905451ec0f4a2042d6f058ad"}
,"/Users/raphaelcesar/CodeF/401/CAPS/src/Vendor/vendorHandler.js": {"path":"/Users/raphaelcesar/CodeF/401/CAPS/src/Vendor/vendorHandler.js","statementMap":{"0":{"start":{"line":3,"column":15},"end":{"line":3,"column":32}},"1":{"start":{"line":4,"column":15},"end":{"line":4,"column":27}},"2":{"start":{"line":6,"column":20},"end":{"line":15,"column":1}},"3":{"start":{"line":6,"column":32},"end":{"line":15,"column":1}},"4":{"start":{"line":7,"column":2},"end":{"line":12,"column":4}},"5":{"start":{"line":13,"column":2},"end":{"line":13,"column":68}},"6":{"start":{"line":14,"column":2},"end":{"line":14,"column":39}},"7":{"start":{"line":19,"column":2},"end":{"line":19,"column":100}},"8":{"start":{"line":23,"column":0},"end":{"line":23,"column":49}}},"fnMap":{"0":{"name":"(anonymous_0)","decl":{"start":{"line":6,"column":20},"end":{"line":6,"column":21}},"loc":{"start":{"line":6,"column":32},"end":{"line":15,"column":1}},"line":6},"1":{"name":"(anonymous_1)","decl":{"start":{"line":6,"column":32},"end":{"line":6,"column":33}},"loc":{"start":{"line":6,"column":52},"end":{"line":15,"column":1}},"line":6},"2":{"name":"thankTheDriver","decl":{"start":{"line":17,"column":9},"end":{"line":17,"column":23}},"loc":{"start":{"line":17,"column":32},"end":{"line":20,"column":1}},"line":17}},"branchMap":{"0":{"loc":{"start":{"line":6,"column":33},"end":{"line":6,"column":47}},"type":"default-arg","locations":[{"start":{"line":6,"column":43},"end":{"line":6,"column":47}}],"line":6},"1":{"loc":{"start":{"line":7,"column":12},"end":{"line":12,"column":3}},"type":"cond-expr","locations":[{"start":{"line":7,"column":22},"end":{"line":7,"column":29}},{"start":{"line":7,"column":32},"end":{"line":12,"column":3}}],"line":7}},"s":{"0":1,"1":1,"2":1,"3":1,"4":0,"5":0,"6":0,"7":1,"8":1},"f":{"0":1,"1":0,"2":1},"b":{"0":[0],"1":[0,0]},"_coverageSchema":"1a1c01bbd47fc00a2c39e90264f33305004495a9","hash":"560548598da79de7aa7a2fe8e0d9ce239d6e3dc8"}
}
