TN:
SF:src/1-206-flowers/handlers.js
FN:6,(anonymous_0)
FN:6,(anonymous_1)
FN:20,thankTheDriver
FNF:3
FNH:3
FNDA:1,(anonymous_0)
FNDA:1,(anonymous_1)
FNDA:1,thankTheDriver
DA:3,1
DA:4,1
DA:6,1
DA:7,1
DA:16,1
DA:17,1
DA:22,1
DA:26,1
LF:8
LH:8
BRDA:6,0,0,0
BRDA:7,1,0,1
BRDA:7,1,1,0
BRF:3
BRH:1
end_of_record
TN:
SF:src/Driver/driverHandler.js
FN:3,(anonymous_0)
FN:3,(anonymous_1)
FN:15,(anonymous_2)
FN:15,(anonymous_3)
FNF:4
FNH:4
FNDA:1,(anonymous_0)
FNDA:1,(anonymous_1)
FNDA:1,(anonymous_2)
FNDA:1,(anonymous_3)
DA:3,1
DA:5,1
DA:6,1
DA:7,1
DA:11,1
DA:15,1
DA:18,1
DA:19,1
DA:23,1
LF:9
LH:9
BRF:0
BRH:0
end_of_record
TN:
SF:src/Vendor/vendorHandler.js
FN:12,(anonymous_0)
FN:12,(anonymous_1)
FN:27,(anonymous_2)
FN:27,(anonymous_3)
FNF:4
FNH:3
FNDA:1,(anonymous_0)
FNDA:1,(anonymous_1)
FNDA:1,(anonymous_2)
FNDA:0,(anonymous_3)
DA:6,1
DA:7,1
DA:12,1
DA:13,1
DA:22,1
DA:23,1
DA:27,1
DA:29,0
DA:30,0
DA:34,0
DA:42,1
LF:11
LH:8
BRDA:12,0,0,0
BRDA:13,1,0,1
BRDA:13,1,1,0
BRF:3
BRH:1
end_of_record
TN:
SF:src/acme-widgets/handlers.js
FN:6,(anonymous_0)
FN:6,(anonymous_1)
FN:20,thankTheDriver
FNF:3
FNH:3
FNDA:1,(anonymous_0)
FNDA:1,(anonymous_1)
FNDA:1,thankTheDriver
DA:3,1
DA:4,1
DA:6,1
DA:7,1
DA:16,1
DA:17,1
DA:22,1
DA:26,1
LF:8
LH:8
BRDA:6,0,0,0
BRDA:7,1,0,1
BRDA:7,1,1,0
BRF:3
BRH:1
end_of_record
